# JRE version: OpenJDK Runtime Environment (8.0_152-b01) (build 1.8.0_152-release-1248-b01)
# Java VM: OpenJDK 64-Bit Server VM (25.152-b01 mixed mode windows-amd64 compressed oops)
Heap:
 PSYoungGen      total 206848K, used 60769K [0x00000000e0000000, 0x00000000f1480000, 0x0000000100000000)
  eden space 189952K, 31% used [0x00000000e0000000,0x00000000e3b58728,0x00000000eb980000)
  from space 16896K, 0% used [0x00000000eb980000,0x00000000eb980000,0x00000000eca00000)
  to   space 22528K, 0% used [0x00000000efe80000,0x00000000efe80000,0x00000000f1480000)
 ParOldGen       total 131584K, used 37654K [0x00000000a0000000, 0x00000000a8080000, 0x00000000e0000000)
  object space 131584K, 28% used [0x00000000a0000000,0x00000000a24c5ae0,0x00000000a8080000)
 Metaspace       used 60396K, capacity 61846K, committed 62104K, reserved 1103872K
  class space    used 8156K, capacity 8561K, committed 8624K, reserved 1048576K
GC Heap History (10 events):
Event: 18.181 GC heap before
{Heap before GC invocations=8 (full 1):
 PSYoungGen      total 121856K, used 109922K [0x00000000e0000000, 0x00000000e9280000, 0x0000000100000000)
  eden space 114176K, 89% used [0x00000000e0000000,0x00000000e641a718,0x00000000e6f80000)
  from space 7680K, 96% used [0x00000000e8b00000,0x00000000e923e2c8,0x00000000e9280000)
  to   space 10752K, 0% used [0x00000000e7d80000,0x00000000e7d80000,0x00000000e8800000)
 ParOldGen       total 55808K, used 9582K [0x00000000a0000000, 0x00000000a3680000, 0x00000000e0000000)
  object space 55808K, 17% used [0x00000000a0000000,0x00000000a095ba40,0x00000000a3680000)
 Metaspace       used 34608K, capacity 35242K, committed 35496K, reserved 1079296K
  class space    used 4815K, capacity 5033K, committed 5040K, reserved 1048576K
Event: 18.205 GC heap after
Heap after GC invocations=8 (full 1):
 PSYoungGen      total 139264K, used 10739K [0x00000000e0000000, 0x00000000eda80000, 0x0000000100000000)
  eden space 128512K, 0% used [0x00000000e0000000,0x00000000e0000000,0x00000000e7d80000)
  from space 10752K, 99% used [0x00000000e7d80000,0x00000000e87fcc28,0x00000000e8800000)
  to   space 13312K, 0% used [0x00000000ecd80000,0x00000000ecd80000,0x00000000eda80000)
 ParOldGen       total 55808K, used 12123K [0x00000000a0000000, 0x00000000a3680000, 0x00000000e0000000)
  object space 55808K, 21% used [0x00000000a0000000,0x00000000a0bd6cd0,0x00000000a3680000)
 Metaspace       used 34608K, capacity 35242K, committed 35496K, reserved 1079296K
  class space    used 4815K, capacity 5033K, committed 5040K, reserved 1048576K
}
Event: 18.205 GC heap before
{Heap before GC invocations=9 (full 2):
 PSYoungGen      total 139264K, used 10739K [0x00000000e0000000, 0x00000000eda80000, 0x0000000100000000)
  eden space 128512K, 0% used [0x00000000e0000000,0x00000000e0000000,0x00000000e7d80000)
  from space 10752K, 99% used [0x00000000e7d80000,0x00000000e87fcc28,0x00000000e8800000)
  to   space 13312K, 0% used [0x00000000ecd80000,0x00000000ecd80000,0x00000000eda80000)
 ParOldGen       total 55808K, used 12123K [0x00000000a0000000, 0x00000000a3680000, 0x00000000e0000000)
  object space 55808K, 21% used [0x00000000a0000000,0x00000000a0bd6cd0,0x00000000a3680000)
 Metaspace       used 34608K, capacity 35242K, committed 35496K, reserved 1079296K
  class space    used 4815K, capacity 5033K, committed 5040K, reserved 1048576K
Event: 18.283 GC heap after
Heap after GC invocations=9 (full 2):
 PSYoungGen      total 139264K, used 0K [0x00000000e0000000, 0x00000000eda80000, 0x0000000100000000)
  eden space 128512K, 0% used [0x00000000e0000000,0x00000000e0000000,0x00000000e7d80000)
  from space 10752K, 0% used [0x00000000e7d80000,0x00000000e7d80000,0x00000000e8800000)
  to   space 13312K, 0% used [0x00000000ecd80000,0x00000000ecd80000,0x00000000eda80000)
 ParOldGen       total 87552K, used 19728K [0x00000000a0000000, 0x00000000a5580000, 0x00000000e0000000)
  object space 87552K, 22% used [0x00000000a0000000,0x00000000a1344220,0x00000000a5580000)
 Metaspace       used 34608K, capacity 35242K, committed 35496K, reserved 1079296K
  class space    used 4815K, capacity 5033K, committed 5040K, reserved 1048576K
}
Event: 21.570 GC heap before
{Heap before GC invocations=10 (full 2):
 PSYoungGen      total 139264K, used 128512K [0x00000000e0000000, 0x00000000eda80000, 0x0000000100000000)
  eden space 128512K, 100% used [0x00000000e0000000,0x00000000e7d80000,0x00000000e7d80000)
  from space 10752K, 0% used [0x00000000e7d80000,0x00000000e7d80000,0x00000000e8800000)
  to   space 13312K, 0% used [0x00000000ecd80000,0x00000000ecd80000,0x00000000eda80000)
 ParOldGen       total 87552K, used 19728K [0x00000000a0000000, 0x00000000a5580000, 0x00000000e0000000)
  object space 87552K, 22% used [0x00000000a0000000,0x00000000a1344220,0x00000000a5580000)
 Metaspace       used 45192K, capacity 45914K, committed 46120K, reserved 1089536K
  class space    used 6137K, capacity 6417K, committed 6448K, reserved 1048576K
Event: 21.594 GC heap after
Heap after GC invocations=10 (full 2):
 PSYoungGen      total 202240K, used 13298K [0x00000000e0000000, 0x00000000eda80000, 0x0000000100000000)
  eden space 188928K, 0% used [0x00000000e0000000,0x00000000e0000000,0x00000000eb880000)
  from space 13312K, 99% used [0x00000000ecd80000,0x00000000eda7c9e0,0x00000000eda80000)
  to   space 16896K, 0% used [0x00000000eb980000,0x00000000eb980000,0x00000000eca00000)
 ParOldGen       total 87552K, used 23894K [0x00000000a0000000, 0x00000000a5580000, 0x00000000e0000000)
  object space 87552K, 27% used [0x00000000a0000000,0x00000000a17558a0,0x00000000a5580000)
 Metaspace       used 45192K, capacity 45914K, committed 46120K, reserved 1089536K
  class space    used 6137K, capacity 6417K, committed 6448K, reserved 1048576K
}
Event: 28.387 GC heap before
{Heap before GC invocations=11 (full 2):
 PSYoungGen      total 202240K, used 163320K [0x00000000e0000000, 0x00000000eda80000, 0x0000000100000000)
  eden space 188928K, 79% used [0x00000000e0000000,0x00000000e9281640,0x00000000eb880000)
  from space 13312K, 99% used [0x00000000ecd80000,0x00000000eda7c9e0,0x00000000eda80000)
  to   space 16896K, 0% used [0x00000000eb980000,0x00000000eb980000,0x00000000eca00000)
 ParOldGen       total 87552K, used 23894K [0x00000000a0000000, 0x00000000a5580000, 0x00000000e0000000)
  object space 87552K, 27% used [0x00000000a0000000,0x00000000a17558a0,0x00000000a5580000)
 Metaspace       used 57729K, capacity 59130K, committed 59160K, reserved 1099776K
  class space    used 7822K, capacity 8237K, committed 8240K, reserved 1048576K
Event: 28.410 GC heap after
Heap after GC invocations=11 (full 2):
 PSYoungGen      total 206848K, used 16867K [0x00000000e0000000, 0x00000000f1480000, 0x0000000100000000)
  eden space 189952K, 0% used [0x00000000e0000000,0x00000000e0000000,0x00000000eb980000)
  from space 16896K, 99% used [0x00000000eb980000,0x00000000ec9f8cd0,0x00000000eca00000)
  to   space 22528K, 0% used [0x00000000efe80000,0x00000000efe80000,0x00000000f1480000)
 ParOldGen       total 87552K, used 31228K [0x00000000a0000000, 0x00000000a5580000, 0x00000000e0000000)
  object space 87552K, 35% used [0x00000000a0000000,0x00000000a1e7f078,0x00000000a5580000)
 Metaspace       used 57729K, capacity 59130K, committed 59160K, reserved 1099776K
  class space    used 7822K, capacity 8237K, committed 8240K, reserved 1048576K
}
Event: 28.410 GC heap before
{Heap before GC invocations=12 (full 3):
 PSYoungGen      total 206848K, used 16867K [0x00000000e0000000, 0x00000000f1480000, 0x0000000100000000)
  eden space 189952K, 0% used [0x00000000e0000000,0x00000000e0000000,0x00000000eb980000)
  from space 16896K, 99% used [0x00000000eb980000,0x00000000ec9f8cd0,0x00000000eca00000)
  to   space 22528K, 0% used [0x00000000efe80000,0x00000000efe80000,0x00000000f1480000)
 ParOldGen       total 87552K, used 31228K [0x00000000a0000000, 0x00000000a5580000, 0x00000000e0000000)
  object space 87552K, 35% used [0x00000000a0000000,0x00000000a1e7f078,0x00000000a5580000)
 Metaspace       used 57729K, capacity 59130K, committed 59160K, reserved 1099776K
  class space    used 7822K, capacity 8237K, committed 8240K, reserved 1048576K
Event: 28.562 GC heap after
Heap after GC invocations=12 (full 3):
 PSYoungGen      total 206848K, used 0K [0x00000000e0000000, 0x00000000f1480000, 0x0000000100000000)
  eden space 189952K, 0% used [0x00000000e0000000,0x00000000e0000000,0x00000000eb980000)
  from space 16896K, 0% used [0x00000000eb980000,0x00000000eb980000,0x00000000eca00000)
  to   space 22528K, 0% used [0x00000000efe80000,0x00000000efe80000,0x00000000f1480000)
 ParOldGen       total 131584K, used 37654K [0x00000000a0000000, 0x00000000a8080000, 0x00000000e0000000)
  object space 131584K, 28% used [0x00000000a0000000,0x00000000a24c5ae0,0x00000000a8080000)
 Metaspace       used 57729K, capacity 59130K, committed 59160K, reserved 1099776K
  class space    used 7822K, capacity 8237K, committed 8240K, reserved 1048576K
}

